{"/Volumes/MAC_MINI_1TB/mcp-probe/src/config.ts": {"path":"/Volumes/MAC_MINI_1TB/mcp-probe/src/config.ts","all":false,"statementMap":{"0":{"start":{"line":1,"column":0},"end":{"line":1,"column":46}},"5":{"start":{"line":6,"column":0},"end":{"line":6,"column":84}},"7":{"start":{"line":8,"column":0},"end":{"line":8,"column":62}},"8":{"start":{"line":9,"column":0},"end":{"line":9,"column":31}},"9":{"start":{"line":10,"column":0},"end":{"line":10,"column":18}},"10":{"start":{"line":11,"column":0},"end":{"line":11,"column":57}},"12":{"start":{"line":13,"column":0},"end":{"line":13,"column":31}},"13":{"start":{"line":14,"column":0},"end":{"line":14,"column":24}},"14":{"start":{"line":15,"column":0},"end":{"line":15,"column":11}},"15":{"start":{"line":16,"column":0},"end":{"line":16,"column":45}},"16":{"start":{"line":17,"column":0},"end":{"line":17,"column":46}},"17":{"start":{"line":18,"column":0},"end":{"line":18,"column":19}},"18":{"start":{"line":19,"column":0},"end":{"line":19,"column":83}},"19":{"start":{"line":20,"column":0},"end":{"line":20,"column":7}},"20":{"start":{"line":21,"column":0},"end":{"line":21,"column":5}},"21":{"start":{"line":22,"column":0},"end":{"line":22,"column":3}},"23":{"start":{"line":24,"column":0},"end":{"line":24,"column":25}},"24":{"start":{"line":25,"column":0},"end":{"line":25,"column":1}},"26":{"start":{"line":27,"column":0},"end":{"line":27,"column":67}},"27":{"start":{"line":28,"column":0},"end":{"line":28,"column":32}},"29":{"start":{"line":30,"column":0},"end":{"line":30,"column":46}},"30":{"start":{"line":31,"column":0},"end":{"line":31,"column":36}},"31":{"start":{"line":32,"column":0},"end":{"line":32,"column":3}},"33":{"start":{"line":34,"column":0},"end":{"line":34,"column":84}},"34":{"start":{"line":35,"column":0},"end":{"line":35,"column":9}},"35":{"start":{"line":36,"column":0},"end":{"line":36,"column":27}},"36":{"start":{"line":37,"column":0},"end":{"line":37,"column":102}},"37":{"start":{"line":38,"column":0},"end":{"line":38,"column":43}},"38":{"start":{"line":39,"column":0},"end":{"line":39,"column":7}},"39":{"start":{"line":40,"column":0},"end":{"line":40,"column":19}},"40":{"start":{"line":41,"column":0},"end":{"line":41,"column":16}},"41":{"start":{"line":42,"column":0},"end":{"line":42,"column":30}},"42":{"start":{"line":43,"column":0},"end":{"line":43,"column":13}},"43":{"start":{"line":44,"column":0},"end":{"line":44,"column":23}},"44":{"start":{"line":45,"column":0},"end":{"line":45,"column":5}},"45":{"start":{"line":46,"column":0},"end":{"line":46,"column":3}},"47":{"start":{"line":48,"column":0},"end":{"line":48,"column":19}},"48":{"start":{"line":49,"column":0},"end":{"line":49,"column":1}},"50":{"start":{"line":51,"column":0},"end":{"line":51,"column":80}},"51":{"start":{"line":52,"column":0},"end":{"line":52,"column":30}},"52":{"start":{"line":53,"column":0},"end":{"line":53,"column":39}},"53":{"start":{"line":54,"column":0},"end":{"line":54,"column":22}},"54":{"start":{"line":55,"column":0},"end":{"line":55,"column":39}},"55":{"start":{"line":56,"column":0},"end":{"line":56,"column":1}},"57":{"start":{"line":58,"column":0},"end":{"line":58,"column":46}},"58":{"start":{"line":59,"column":0},"end":{"line":59,"column":10}},"59":{"start":{"line":60,"column":0},"end":{"line":60,"column":16}},"60":{"start":{"line":61,"column":0},"end":{"line":61,"column":42}},"61":{"start":{"line":62,"column":0},"end":{"line":62,"column":32}},"62":{"start":{"line":63,"column":0},"end":{"line":63,"column":4}},"63":{"start":{"line":64,"column":0},"end":{"line":64,"column":1}}},"s":{"0":1,"5":1,"7":1,"8":0,"9":0,"10":0,"12":0,"13":0,"14":0,"15":0,"16":0,"17":0,"18":0,"19":0,"20":0,"21":0,"23":0,"24":0,"26":1,"27":1,"29":1,"30":0,"31":0,"33":1,"34":0,"35":0,"36":0,"37":0,"38":0,"39":0,"40":0,"41":0,"42":0,"43":0,"44":0,"45":0,"47":0,"48":0,"50":1,"51":7,"52":1,"53":7,"54":1,"55":1,"57":1,"58":0,"59":0,"60":0,"61":0,"62":0,"63":0},"branchMap":{"0":{"type":"branch","line":27,"loc":{"start":{"line":27,"column":7},"end":{"line":49,"column":1}},"locations":[{"start":{"line":27,"column":7},"end":{"line":49,"column":1}}]},"1":{"type":"branch","line":28,"loc":{"start":{"line":28,"column":28},"end":{"line":30,"column":45}},"locations":[{"start":{"line":28,"column":28},"end":{"line":30,"column":45}}]},"2":{"type":"branch","line":30,"loc":{"start":{"line":30,"column":45},"end":{"line":34,"column":61}},"locations":[{"start":{"line":30,"column":45},"end":{"line":34,"column":61}}]},"3":{"type":"branch","line":34,"loc":{"start":{"line":34,"column":42},"end":{"line":34,"column":83}},"locations":[{"start":{"line":34,"column":42},"end":{"line":34,"column":83}}]},"4":{"type":"branch","line":34,"loc":{"start":{"line":34,"column":83},"end":{"line":49,"column":1}},"locations":[{"start":{"line":34,"column":83},"end":{"line":49,"column":1}}]},"5":{"type":"branch","line":51,"loc":{"start":{"line":51,"column":7},"end":{"line":56,"column":1}},"locations":[{"start":{"line":51,"column":7},"end":{"line":56,"column":1}}]},"6":{"type":"branch","line":52,"loc":{"start":{"line":52,"column":20},"end":{"line":52,"column":30}},"locations":[{"start":{"line":52,"column":20},"end":{"line":52,"column":30}}]},"7":{"type":"branch","line":52,"loc":{"start":{"line":52,"column":28},"end":{"line":54,"column":19}},"locations":[{"start":{"line":52,"column":28},"end":{"line":54,"column":19}}]},"8":{"type":"branch","line":54,"loc":{"start":{"line":54,"column":12},"end":{"line":54,"column":22}},"locations":[{"start":{"line":54,"column":12},"end":{"line":54,"column":22}}]},"9":{"type":"branch","line":54,"loc":{"start":{"line":54,"column":20},"end":{"line":56,"column":1}},"locations":[{"start":{"line":54,"column":20},"end":{"line":56,"column":1}}]}},"b":{"0":[1],"1":[0],"2":[0],"3":[0],"4":[0],"5":[7],"6":[6],"7":[1],"8":[0],"9":[1]},"fnMap":{"0":{"name":"loadConfig","decl":{"start":{"line":8,"column":7},"end":{"line":25,"column":1}},"loc":{"start":{"line":8,"column":7},"end":{"line":25,"column":1}},"line":8},"1":{"name":"resolveAuth","decl":{"start":{"line":27,"column":7},"end":{"line":49,"column":1}},"loc":{"start":{"line":27,"column":7},"end":{"line":49,"column":1}},"line":27},"2":{"name":"buildAuthHeaders","decl":{"start":{"line":51,"column":7},"end":{"line":56,"column":1}},"loc":{"start":{"line":51,"column":7},"end":{"line":56,"column":1}},"line":51},"3":{"name":"defaultConfig","decl":{"start":{"line":58,"column":7},"end":{"line":64,"column":1}},"loc":{"start":{"line":58,"column":7},"end":{"line":64,"column":1}},"line":58}},"f":{"0":0,"1":1,"2":7,"3":0}}
,"/Volumes/MAC_MINI_1TB/mcp-probe/src/advisor/recommendations.ts": {"path":"/Volumes/MAC_MINI_1TB/mcp-probe/src/advisor/recommendations.ts","all":false,"statementMap":{"0":{"start":{"line":1,"column":0},"end":{"line":1,"column":13}},"13":{"start":{"line":14,"column":0},"end":{"line":14,"column":40}},"14":{"start":{"line":15,"column":0},"end":{"line":15,"column":26}},"15":{"start":{"line":16,"column":0},"end":{"line":16,"column":30}},"16":{"start":{"line":17,"column":0},"end":{"line":17,"column":36}},"17":{"start":{"line":18,"column":0},"end":{"line":18,"column":25}},"18":{"start":{"line":19,"column":0},"end":{"line":19,"column":21}},"19":{"start":{"line":20,"column":0},"end":{"line":20,"column":36}},"20":{"start":{"line":21,"column":0},"end":{"line":21,"column":16}},"21":{"start":{"line":22,"column":0},"end":{"line":22,"column":36}},"24":{"start":{"line":25,"column":0},"end":{"line":25,"column":31}},"25":{"start":{"line":26,"column":0},"end":{"line":26,"column":27}},"26":{"start":{"line":27,"column":0},"end":{"line":27,"column":75}},"27":{"start":{"line":28,"column":0},"end":{"line":28,"column":38}},"28":{"start":{"line":29,"column":0},"end":{"line":29,"column":41}},"29":{"start":{"line":30,"column":0},"end":{"line":30,"column":21}},"30":{"start":{"line":31,"column":0},"end":{"line":31,"column":21}},"31":{"start":{"line":32,"column":0},"end":{"line":32,"column":33}},"32":{"start":{"line":33,"column":0},"end":{"line":33,"column":37}},"33":{"start":{"line":34,"column":0},"end":{"line":34,"column":33}},"34":{"start":{"line":35,"column":0},"end":{"line":35,"column":57}},"35":{"start":{"line":36,"column":0},"end":{"line":36,"column":97}},"36":{"start":{"line":37,"column":0},"end":{"line":37,"column":29}},"37":{"start":{"line":38,"column":0},"end":{"line":38,"column":48}},"38":{"start":{"line":39,"column":0},"end":{"line":39,"column":13}},"39":{"start":{"line":40,"column":0},"end":{"line":40,"column":51}},"40":{"start":{"line":41,"column":0},"end":{"line":41,"column":21}},"41":{"start":{"line":42,"column":0},"end":{"line":42,"column":21}},"42":{"start":{"line":43,"column":0},"end":{"line":43,"column":33}},"43":{"start":{"line":44,"column":0},"end":{"line":44,"column":37}},"44":{"start":{"line":45,"column":0},"end":{"line":45,"column":33}},"45":{"start":{"line":46,"column":0},"end":{"line":46,"column":61}},"46":{"start":{"line":47,"column":0},"end":{"line":47,"column":104}},"47":{"start":{"line":48,"column":0},"end":{"line":48,"column":29}},"48":{"start":{"line":49,"column":0},"end":{"line":49,"column":46}},"49":{"start":{"line":50,"column":0},"end":{"line":50,"column":13}},"50":{"start":{"line":51,"column":0},"end":{"line":51,"column":9}},"51":{"start":{"line":52,"column":0},"end":{"line":52,"column":7}},"52":{"start":{"line":53,"column":0},"end":{"line":53,"column":5}},"53":{"start":{"line":54,"column":0},"end":{"line":54,"column":3}},"56":{"start":{"line":57,"column":0},"end":{"line":57,"column":38}},"57":{"start":{"line":58,"column":0},"end":{"line":58,"column":36}},"59":{"start":{"line":60,"column":0},"end":{"line":60,"column":35}},"60":{"start":{"line":61,"column":0},"end":{"line":61,"column":54}},"61":{"start":{"line":62,"column":0},"end":{"line":62,"column":28}},"63":{"start":{"line":64,"column":0},"end":{"line":64,"column":31}},"64":{"start":{"line":65,"column":0},"end":{"line":65,"column":84}},"65":{"start":{"line":66,"column":0},"end":{"line":66,"column":19}},"66":{"start":{"line":67,"column":0},"end":{"line":67,"column":19}},"67":{"start":{"line":68,"column":0},"end":{"line":68,"column":31}},"68":{"start":{"line":69,"column":0},"end":{"line":69,"column":34}},"69":{"start":{"line":70,"column":0},"end":{"line":70,"column":30}},"70":{"start":{"line":71,"column":0},"end":{"line":71,"column":65}},"71":{"start":{"line":72,"column":0},"end":{"line":72,"column":160}},"72":{"start":{"line":73,"column":0},"end":{"line":73,"column":24}},"73":{"start":{"line":74,"column":0},"end":{"line":74,"column":34}},"74":{"start":{"line":75,"column":0},"end":{"line":75,"column":61}},"75":{"start":{"line":76,"column":0},"end":{"line":76,"column":11}},"76":{"start":{"line":77,"column":0},"end":{"line":77,"column":47}},"77":{"start":{"line":78,"column":0},"end":{"line":78,"column":19}},"78":{"start":{"line":79,"column":0},"end":{"line":79,"column":19}},"79":{"start":{"line":80,"column":0},"end":{"line":80,"column":31}},"80":{"start":{"line":81,"column":0},"end":{"line":81,"column":34}},"81":{"start":{"line":82,"column":0},"end":{"line":82,"column":30}},"82":{"start":{"line":83,"column":0},"end":{"line":83,"column":80}},"83":{"start":{"line":84,"column":0},"end":{"line":84,"column":131}},"84":{"start":{"line":85,"column":0},"end":{"line":85,"column":35}},"85":{"start":{"line":86,"column":0},"end":{"line":86,"column":40}},"86":{"start":{"line":87,"column":0},"end":{"line":87,"column":11}},"87":{"start":{"line":88,"column":0},"end":{"line":88,"column":103}},"88":{"start":{"line":89,"column":0},"end":{"line":89,"column":19}},"89":{"start":{"line":90,"column":0},"end":{"line":90,"column":19}},"90":{"start":{"line":91,"column":0},"end":{"line":91,"column":32}},"91":{"start":{"line":92,"column":0},"end":{"line":92,"column":34}},"92":{"start":{"line":93,"column":0},"end":{"line":93,"column":30}},"93":{"start":{"line":94,"column":0},"end":{"line":94,"column":80}},"94":{"start":{"line":95,"column":0},"end":{"line":95,"column":111}},"95":{"start":{"line":96,"column":0},"end":{"line":96,"column":35}},"96":{"start":{"line":97,"column":0},"end":{"line":97,"column":48}},"97":{"start":{"line":98,"column":0},"end":{"line":98,"column":11}},"98":{"start":{"line":99,"column":0},"end":{"line":99,"column":7}},"99":{"start":{"line":100,"column":0},"end":{"line":100,"column":5}},"100":{"start":{"line":101,"column":0},"end":{"line":101,"column":3}},"103":{"start":{"line":104,"column":0},"end":{"line":104,"column":72}},"104":{"start":{"line":105,"column":0},"end":{"line":105,"column":17}},"105":{"start":{"line":106,"column":0},"end":{"line":106,"column":74}},"106":{"start":{"line":107,"column":0},"end":{"line":107,"column":26}},"107":{"start":{"line":108,"column":0},"end":{"line":108,"column":17}},"108":{"start":{"line":109,"column":0},"end":{"line":109,"column":17}},"109":{"start":{"line":110,"column":0},"end":{"line":110,"column":29}},"110":{"start":{"line":111,"column":0},"end":{"line":111,"column":33}},"111":{"start":{"line":112,"column":0},"end":{"line":112,"column":42}},"112":{"start":{"line":113,"column":0},"end":{"line":113,"column":67}},"113":{"start":{"line":114,"column":0},"end":{"line":114,"column":140}},"114":{"start":{"line":115,"column":0},"end":{"line":115,"column":34}},"115":{"start":{"line":116,"column":0},"end":{"line":116,"column":39}},"116":{"start":{"line":117,"column":0},"end":{"line":117,"column":9}},"117":{"start":{"line":118,"column":0},"end":{"line":118,"column":5}},"118":{"start":{"line":119,"column":0},"end":{"line":119,"column":3}},"120":{"start":{"line":121,"column":0},"end":{"line":121,"column":14}},"121":{"start":{"line":122,"column":0},"end":{"line":122,"column":1}},"125":{"start":{"line":126,"column":0},"end":{"line":126,"column":28}},"126":{"start":{"line":127,"column":0},"end":{"line":127,"column":23}},"127":{"start":{"line":128,"column":0},"end":{"line":128,"column":19}},"128":{"start":{"line":129,"column":0},"end":{"line":129,"column":25}},"129":{"start":{"line":130,"column":0},"end":{"line":130,"column":11}},"130":{"start":{"line":131,"column":0},"end":{"line":131,"column":49}},"131":{"start":{"line":132,"column":0},"end":{"line":132,"column":46}},"132":{"start":{"line":133,"column":0},"end":{"line":133,"column":11}},"134":{"start":{"line":135,"column":0},"end":{"line":135,"column":38}},"135":{"start":{"line":136,"column":0},"end":{"line":136,"column":68}},"136":{"start":{"line":137,"column":0},"end":{"line":137,"column":9}},"138":{"start":{"line":139,"column":0},"end":{"line":139,"column":53}},"139":{"start":{"line":140,"column":0},"end":{"line":140,"column":45}},"140":{"start":{"line":141,"column":0},"end":{"line":141,"column":9}},"142":{"start":{"line":143,"column":0},"end":{"line":143,"column":27}},"143":{"start":{"line":144,"column":0},"end":{"line":144,"column":72}},"144":{"start":{"line":145,"column":0},"end":{"line":145,"column":34}},"146":{"start":{"line":147,"column":0},"end":{"line":147,"column":39}},"148":{"start":{"line":149,"column":0},"end":{"line":149,"column":22}},"151":{"start":{"line":152,"column":0},"end":{"line":152,"column":21}},"152":{"start":{"line":153,"column":0},"end":{"line":153,"column":26}},"153":{"start":{"line":154,"column":0},"end":{"line":154,"column":80}},"156":{"start":{"line":157,"column":0},"end":{"line":157,"column":15}},"160":{"start":{"line":161,"column":0},"end":{"line":161,"column":23}},"161":{"start":{"line":162,"column":0},"end":{"line":162,"column":40}},"164":{"start":{"line":165,"column":0},"end":{"line":165,"column":15}},"168":{"start":{"line":169,"column":0},"end":{"line":169,"column":25}},"169":{"start":{"line":170,"column":0},"end":{"line":170,"column":69}},"173":{"start":{"line":174,"column":0},"end":{"line":174,"column":17}},"178":{"start":{"line":179,"column":0},"end":{"line":179,"column":18}},"179":{"start":{"line":180,"column":0},"end":{"line":180,"column":35}},"182":{"start":{"line":183,"column":0},"end":{"line":183,"column":15}},"186":{"start":{"line":187,"column":0},"end":{"line":187,"column":20}},"187":{"start":{"line":188,"column":0},"end":{"line":188,"column":52}},"190":{"start":{"line":191,"column":0},"end":{"line":191,"column":15}},"194":{"start":{"line":195,"column":0},"end":{"line":195,"column":12}},"195":{"start":{"line":196,"column":0},"end":{"line":196,"column":98}},"196":{"start":{"line":197,"column":0},"end":{"line":197,"column":3}},"197":{"start":{"line":198,"column":0},"end":{"line":198,"column":1}}},"s":{"0":1,"13":1,"14":6,"15":6,"16":6,"17":6,"18":6,"19":6,"20":6,"21":6,"24":6,"25":6,"26":1,"27":1,"28":1,"29":1,"30":1,"31":1,"32":1,"33":1,"34":1,"35":1,"36":1,"37":1,"38":1,"39":1,"40":0,"41":0,"42":0,"43":0,"44":0,"45":0,"46":0,"47":0,"48":0,"49":0,"50":0,"51":1,"52":1,"53":6,"56":6,"57":6,"59":5,"60":5,"61":5,"63":5,"64":2,"65":2,"66":2,"67":2,"68":2,"69":2,"70":2,"71":2,"72":2,"73":2,"74":2,"75":2,"76":5,"77":0,"78":0,"79":0,"80":0,"81":0,"82":0,"83":0,"84":0,"85":0,"86":0,"87":3,"88":0,"89":0,"90":0,"91":0,"92":0,"93":0,"94":0,"95":0,"96":0,"97":0,"98":0,"99":5,"100":5,"103":6,"104":6,"105":1,"106":1,"107":1,"108":1,"109":1,"110":1,"111":1,"112":1,"113":1,"114":1,"115":1,"116":1,"117":1,"118":1,"120":6,"121":6,"125":2,"126":2,"127":2,"128":2,"129":2,"130":2,"131":2,"132":0,"134":2,"135":2,"136":0,"138":2,"139":2,"140":0,"142":2,"143":2,"144":0,"146":2,"148":2,"151":2,"152":2,"153":2,"156":2,"160":2,"161":0,"164":0,"168":2,"169":0,"173":0,"178":2,"179":0,"182":0,"186":2,"187":0,"190":0,"194":2,"195":0,"196":2,"197":2},"branchMap":{"0":{"type":"branch","line":14,"loc":{"start":{"line":14,"column":7},"end":{"line":122,"column":1}},"locations":[{"start":{"line":14,"column":7},"end":{"line":122,"column":1}}]},"1":{"type":"branch","line":26,"loc":{"start":{"line":26,"column":26},"end":{"line":53,"column":5}},"locations":[{"start":{"line":26,"column":26},"end":{"line":53,"column":5}}]},"2":{"type":"branch","line":40,"loc":{"start":{"line":40,"column":8},"end":{"line":51,"column":9}},"locations":[{"start":{"line":40,"column":8},"end":{"line":51,"column":9}}]},"3":{"type":"branch","line":58,"loc":{"start":{"line":58,"column":27},"end":{"line":58,"column":36}},"locations":[{"start":{"line":58,"column":27},"end":{"line":58,"column":36}}]},"4":{"type":"branch","line":58,"loc":{"start":{"line":58,"column":27},"end":{"line":101,"column":3}},"locations":[{"start":{"line":58,"column":27},"end":{"line":101,"column":3}}]},"5":{"type":"branch","line":62,"loc":{"start":{"line":62,"column":19},"end":{"line":62,"column":28}},"locations":[{"start":{"line":62,"column":19},"end":{"line":62,"column":28}}]},"6":{"type":"branch","line":64,"loc":{"start":{"line":64,"column":30},"end":{"line":77,"column":17}},"locations":[{"start":{"line":64,"column":30},"end":{"line":77,"column":17}}]},"7":{"type":"branch","line":77,"loc":{"start":{"line":77,"column":6},"end":{"line":99,"column":7}},"locations":[{"start":{"line":77,"column":6},"end":{"line":99,"column":7}}]},"8":{"type":"branch","line":77,"loc":{"start":{"line":77,"column":46},"end":{"line":88,"column":17}},"locations":[{"start":{"line":77,"column":46},"end":{"line":88,"column":17}}]},"9":{"type":"branch","line":88,"loc":{"start":{"line":88,"column":46},"end":{"line":88,"column":102}},"locations":[{"start":{"line":88,"column":46},"end":{"line":88,"column":102}}]},"10":{"type":"branch","line":88,"loc":{"start":{"line":88,"column":102},"end":{"line":99,"column":7}},"locations":[{"start":{"line":88,"column":102},"end":{"line":99,"column":7}}]},"11":{"type":"branch","line":105,"loc":{"start":{"line":105,"column":16},"end":{"line":119,"column":3}},"locations":[{"start":{"line":105,"column":16},"end":{"line":119,"column":3}}]},"12":{"type":"branch","line":112,"loc":{"start":{"line":112,"column":28},"end":{"line":112,"column":42}},"locations":[{"start":{"line":112,"column":28},"end":{"line":112,"column":42}}]},"13":{"type":"branch","line":22,"loc":{"start":{"line":22,"column":13},"end":{"line":22,"column":36}},"locations":[{"start":{"line":22,"column":13},"end":{"line":22,"column":36}}]},"14":{"type":"branch","line":27,"loc":{"start":{"line":27,"column":47},"end":{"line":27,"column":73}},"locations":[{"start":{"line":27,"column":47},"end":{"line":27,"column":73}}]},"15":{"type":"branch","line":104,"loc":{"start":{"line":104,"column":32},"end":{"line":104,"column":59}},"locations":[{"start":{"line":104,"column":32},"end":{"line":104,"column":59}}]},"16":{"type":"branch","line":106,"loc":{"start":{"line":106,"column":41},"end":{"line":106,"column":72}},"locations":[{"start":{"line":106,"column":41},"end":{"line":106,"column":72}}]},"17":{"type":"branch","line":126,"loc":{"start":{"line":126,"column":0},"end":{"line":198,"column":1}},"locations":[{"start":{"line":126,"column":0},"end":{"line":198,"column":1}}]},"18":{"type":"branch","line":132,"loc":{"start":{"line":132,"column":45},"end":{"line":133,"column":11}},"locations":[{"start":{"line":132,"column":45},"end":{"line":133,"column":11}}]},"19":{"type":"branch","line":136,"loc":{"start":{"line":136,"column":51},"end":{"line":137,"column":9}},"locations":[{"start":{"line":136,"column":51},"end":{"line":137,"column":9}}]},"20":{"type":"branch","line":140,"loc":{"start":{"line":140,"column":6},"end":{"line":141,"column":9}},"locations":[{"start":{"line":140,"column":6},"end":{"line":141,"column":9}}]},"21":{"type":"branch","line":144,"loc":{"start":{"line":144,"column":69},"end":{"line":145,"column":34}},"locations":[{"start":{"line":144,"column":69},"end":{"line":145,"column":34}}]},"22":{"type":"branch","line":161,"loc":{"start":{"line":161,"column":4},"end":{"line":165,"column":15}},"locations":[{"start":{"line":161,"column":4},"end":{"line":165,"column":15}}]},"23":{"type":"branch","line":169,"loc":{"start":{"line":169,"column":4},"end":{"line":174,"column":17}},"locations":[{"start":{"line":169,"column":4},"end":{"line":174,"column":17}}]},"24":{"type":"branch","line":179,"loc":{"start":{"line":179,"column":4},"end":{"line":183,"column":15}},"locations":[{"start":{"line":179,"column":4},"end":{"line":183,"column":15}}]},"25":{"type":"branch","line":187,"loc":{"start":{"line":187,"column":4},"end":{"line":191,"column":15}},"locations":[{"start":{"line":187,"column":4},"end":{"line":191,"column":15}}]},"26":{"type":"branch","line":195,"loc":{"start":{"line":195,"column":4},"end":{"line":196,"column":98}},"locations":[{"start":{"line":195,"column":4},"end":{"line":196,"column":98}}]}},"b":{"0":[6],"1":[1],"2":[0],"3":[1],"4":[5],"5":[0],"6":[2],"7":[3],"8":[0],"9":[0],"10":[0],"11":[1],"12":[0],"13":[4],"14":[1],"15":[6],"16":[1],"17":[2],"18":[0],"19":[0],"20":[0],"21":[0],"22":[0],"23":[0],"24":[0],"25":[0],"26":[0]},"fnMap":{"0":{"name":"generateRecommendations","decl":{"start":{"line":14,"column":7},"end":{"line":122,"column":1}},"loc":{"start":{"line":14,"column":7},"end":{"line":122,"column":1}},"line":14},"1":{"name":"id","decl":{"start":{"line":22,"column":13},"end":{"line":22,"column":36}},"loc":{"start":{"line":22,"column":13},"end":{"line":22,"column":36}},"line":22},"2":{"name":"buildConfigSnippet","decl":{"start":{"line":126,"column":0},"end":{"line":198,"column":1}},"loc":{"start":{"line":126,"column":0},"end":{"line":198,"column":1}},"line":126}},"f":{"0":6,"1":4,"2":2}}
,"/Volumes/MAC_MINI_1TB/mcp-probe/src/discovery/framework-detection.ts": {"path":"/Volumes/MAC_MINI_1TB/mcp-probe/src/discovery/framework-detection.ts","all":false,"statementMap":{"0":{"start":{"line":1,"column":0},"end":{"line":1,"column":41}},"14":{"start":{"line":15,"column":0},"end":{"line":15,"column":32}},"15":{"start":{"line":16,"column":0},"end":{"line":16,"column":3}},"16":{"start":{"line":17,"column":0},"end":{"line":17,"column":26}},"17":{"start":{"line":18,"column":0},"end":{"line":18,"column":20}},"18":{"start":{"line":19,"column":0},"end":{"line":19,"column":28}},"19":{"start":{"line":20,"column":0},"end":{"line":20,"column":115}},"20":{"start":{"line":21,"column":0},"end":{"line":21,"column":4}},"21":{"start":{"line":22,"column":0},"end":{"line":22,"column":3}},"22":{"start":{"line":23,"column":0},"end":{"line":23,"column":17}},"23":{"start":{"line":24,"column":0},"end":{"line":24,"column":20}},"24":{"start":{"line":25,"column":0},"end":{"line":25,"column":28}},"25":{"start":{"line":26,"column":0},"end":{"line":26,"column":106}},"26":{"start":{"line":27,"column":0},"end":{"line":27,"column":4}},"27":{"start":{"line":28,"column":0},"end":{"line":28,"column":3}},"28":{"start":{"line":29,"column":0},"end":{"line":29,"column":25}},"29":{"start":{"line":30,"column":0},"end":{"line":30,"column":23}},"30":{"start":{"line":31,"column":0},"end":{"line":31,"column":28}},"31":{"start":{"line":32,"column":0},"end":{"line":32,"column":102}},"32":{"start":{"line":33,"column":0},"end":{"line":33,"column":4}},"33":{"start":{"line":34,"column":0},"end":{"line":34,"column":3}},"34":{"start":{"line":35,"column":0},"end":{"line":35,"column":21}},"35":{"start":{"line":36,"column":0},"end":{"line":36,"column":19}},"36":{"start":{"line":37,"column":0},"end":{"line":37,"column":28}},"37":{"start":{"line":38,"column":0},"end":{"line":38,"column":110}},"38":{"start":{"line":39,"column":0},"end":{"line":39,"column":4}},"39":{"start":{"line":40,"column":0},"end":{"line":40,"column":3}},"40":{"start":{"line":41,"column":0},"end":{"line":41,"column":19}},"41":{"start":{"line":42,"column":0},"end":{"line":42,"column":22}},"42":{"start":{"line":43,"column":0},"end":{"line":43,"column":28}},"43":{"start":{"line":44,"column":0},"end":{"line":44,"column":110}},"44":{"start":{"line":45,"column":0},"end":{"line":45,"column":4}},"45":{"start":{"line":46,"column":0},"end":{"line":46,"column":3}},"46":{"start":{"line":47,"column":0},"end":{"line":47,"column":16}},"47":{"start":{"line":48,"column":0},"end":{"line":48,"column":19}},"48":{"start":{"line":49,"column":0},"end":{"line":49,"column":28}},"49":{"start":{"line":50,"column":0},"end":{"line":50,"column":93}},"50":{"start":{"line":51,"column":0},"end":{"line":51,"column":4}},"51":{"start":{"line":52,"column":0},"end":{"line":52,"column":2}},"53":{"start":{"line":54,"column":0},"end":{"line":54,"column":73}},"54":{"start":{"line":55,"column":0},"end":{"line":55,"column":7}},"55":{"start":{"line":56,"column":0},"end":{"line":56,"column":78}},"56":{"start":{"line":57,"column":0},"end":{"line":57,"column":17}},"57":{"start":{"line":58,"column":0},"end":{"line":58,"column":13}},"58":{"start":{"line":59,"column":0},"end":{"line":59,"column":22}},"59":{"start":{"line":60,"column":0},"end":{"line":60,"column":11}},"60":{"start":{"line":61,"column":0},"end":{"line":61,"column":16}},"61":{"start":{"line":62,"column":0},"end":{"line":62,"column":3}},"62":{"start":{"line":63,"column":0},"end":{"line":63,"column":1}},"64":{"start":{"line":65,"column":0},"end":{"line":65,"column":49}},"65":{"start":{"line":66,"column":0},"end":{"line":66,"column":30}},"66":{"start":{"line":67,"column":0},"end":{"line":67,"column":56}},"67":{"start":{"line":68,"column":0},"end":{"line":68,"column":12}},"68":{"start":{"line":69,"column":0},"end":{"line":69,"column":19}},"69":{"start":{"line":70,"column":0},"end":{"line":70,"column":25}},"70":{"start":{"line":71,"column":0},"end":{"line":71,"column":29}},"71":{"start":{"line":72,"column":0},"end":{"line":72,"column":34}},"72":{"start":{"line":73,"column":0},"end":{"line":73,"column":35}},"73":{"start":{"line":74,"column":0},"end":{"line":74,"column":6}},"74":{"start":{"line":75,"column":0},"end":{"line":75,"column":5}},"75":{"start":{"line":76,"column":0},"end":{"line":76,"column":1}},"77":{"start":{"line":78,"column":0},"end":{"line":78,"column":88}},"78":{"start":{"line":79,"column":0},"end":{"line":79,"column":72}},"79":{"start":{"line":80,"column":0},"end":{"line":80,"column":72}},"81":{"start":{"line":82,"column":0},"end":{"line":82,"column":37}},"82":{"start":{"line":83,"column":0},"end":{"line":83,"column":18}},"83":{"start":{"line":84,"column":0},"end":{"line":84,"column":48}},"84":{"start":{"line":85,"column":0},"end":{"line":85,"column":25}},"85":{"start":{"line":86,"column":0},"end":{"line":86,"column":98}},"86":{"start":{"line":87,"column":0},"end":{"line":87,"column":5}},"87":{"start":{"line":88,"column":0},"end":{"line":88,"column":74}},"88":{"start":{"line":89,"column":0},"end":{"line":89,"column":3}},"90":{"start":{"line":91,"column":0},"end":{"line":91,"column":77}},"91":{"start":{"line":92,"column":0},"end":{"line":92,"column":1}}},"s":{"0":1,"14":1,"15":1,"16":1,"17":1,"18":1,"19":1,"20":1,"21":1,"22":1,"23":1,"24":1,"25":1,"26":1,"27":1,"28":1,"29":1,"30":1,"31":1,"32":1,"33":1,"34":1,"35":1,"36":1,"37":1,"38":1,"39":1,"40":1,"41":1,"42":1,"43":1,"44":1,"45":1,"46":1,"47":1,"48":1,"49":1,"50":1,"51":1,"53":0,"54":0,"55":0,"56":0,"57":0,"58":0,"59":0,"60":0,"61":0,"62":0,"64":1,"65":0,"66":0,"67":0,"68":0,"69":0,"70":0,"71":0,"72":0,"73":0,"74":0,"75":0,"77":1,"78":2,"79":2,"81":2,"82":2,"83":2,"84":2,"85":0,"86":0,"87":0,"88":0,"90":0,"91":0},"branchMap":{"0":{"type":"branch","line":78,"loc":{"start":{"line":78,"column":7},"end":{"line":92,"column":1}},"locations":[{"start":{"line":78,"column":7},"end":{"line":92,"column":1}}]},"1":{"type":"branch","line":80,"loc":{"start":{"line":80,"column":59},"end":{"line":80,"column":72}},"locations":[{"start":{"line":80,"column":59},"end":{"line":80,"column":72}}]},"2":{"type":"branch","line":85,"loc":{"start":{"line":85,"column":4},"end":{"line":92,"column":1}},"locations":[{"start":{"line":85,"column":4},"end":{"line":92,"column":1}}]},"3":{"type":"branch","line":79,"loc":{"start":{"line":79,"column":32},"end":{"line":79,"column":59}},"locations":[{"start":{"line":79,"column":32},"end":{"line":79,"column":59}}]},"4":{"type":"branch","line":80,"loc":{"start":{"line":80,"column":32},"end":{"line":80,"column":59}},"locations":[{"start":{"line":80,"column":32},"end":{"line":80,"column":59}}]}},"b":{"0":[2],"1":[0],"2":[0],"3":[2],"4":[2]},"fnMap":{"0":{"name":"tryVersion","decl":{"start":{"line":54,"column":0},"end":{"line":63,"column":1}},"loc":{"start":{"line":54,"column":0},"end":{"line":63,"column":1}},"line":54},"1":{"name":"detectRuntimes","decl":{"start":{"line":65,"column":7},"end":{"line":76,"column":1}},"loc":{"start":{"line":65,"column":7},"end":{"line":76,"column":1}},"line":65},"2":{"name":"bestLaunchStrategy","decl":{"start":{"line":78,"column":7},"end":{"line":92,"column":1}},"loc":{"start":{"line":78,"column":7},"end":{"line":92,"column":1}},"line":78}},"f":{"0":0,"1":0,"2":2}}
,"/Volumes/MAC_MINI_1TB/mcp-probe/src/probe/server-probe.ts": {"path":"/Volumes/MAC_MINI_1TB/mcp-probe/src/probe/server-probe.ts","all":false,"statementMap":{"0":{"start":{"line":1,"column":0},"end":{"line":1,"column":91}},"7":{"start":{"line":8,"column":0},"end":{"line":8,"column":15}},"8":{"start":{"line":9,"column":0},"end":{"line":9,"column":15}},"9":{"start":{"line":10,"column":0},"end":{"line":10,"column":32}},"10":{"start":{"line":11,"column":0},"end":{"line":11,"column":18}},"11":{"start":{"line":12,"column":0},"end":{"line":12,"column":17}},"12":{"start":{"line":13,"column":0},"end":{"line":13,"column":16}},"13":{"start":{"line":14,"column":0},"end":{"line":14,"column":43}},"14":{"start":{"line":15,"column":0},"end":{"line":15,"column":1}},"16":{"start":{"line":17,"column":0},"end":{"line":17,"column":23}},"17":{"start":{"line":18,"column":0},"end":{"line":18,"column":14}},"18":{"start":{"line":19,"column":0},"end":{"line":19,"column":17}},"19":{"start":{"line":20,"column":0},"end":{"line":20,"column":18}},"20":{"start":{"line":21,"column":0},"end":{"line":21,"column":34}},"21":{"start":{"line":22,"column":0},"end":{"line":22,"column":19}},"22":{"start":{"line":23,"column":0},"end":{"line":23,"column":59}},"23":{"start":{"line":24,"column":0},"end":{"line":24,"column":73}},"24":{"start":{"line":25,"column":0},"end":{"line":25,"column":37}},"25":{"start":{"line":26,"column":0},"end":{"line":26,"column":58}},"26":{"start":{"line":27,"column":0},"end":{"line":27,"column":7}},"27":{"start":{"line":28,"column":0},"end":{"line":28,"column":34}},"28":{"start":{"line":29,"column":0},"end":{"line":29,"column":21}},"29":{"start":{"line":30,"column":0},"end":{"line":30,"column":115}},"30":{"start":{"line":31,"column":0},"end":{"line":31,"column":11}},"31":{"start":{"line":32,"column":0},"end":{"line":32,"column":26}},"32":{"start":{"line":33,"column":0},"end":{"line":33,"column":7}},"33":{"start":{"line":34,"column":0},"end":{"line":34,"column":34}},"34":{"start":{"line":35,"column":0},"end":{"line":35,"column":58}},"35":{"start":{"line":36,"column":0},"end":{"line":36,"column":15}},"36":{"start":{"line":37,"column":0},"end":{"line":37,"column":53}},"37":{"start":{"line":38,"column":0},"end":{"line":38,"column":13}},"38":{"start":{"line":39,"column":0},"end":{"line":39,"column":24}},"39":{"start":{"line":40,"column":0},"end":{"line":40,"column":3}},"40":{"start":{"line":41,"column":0},"end":{"line":41,"column":1}},"42":{"start":{"line":43,"column":0},"end":{"line":43,"column":22}},"43":{"start":{"line":44,"column":0},"end":{"line":44,"column":14}},"44":{"start":{"line":45,"column":0},"end":{"line":45,"column":34}},"45":{"start":{"line":46,"column":0},"end":{"line":46,"column":19}},"46":{"start":{"line":47,"column":0},"end":{"line":47,"column":59}},"47":{"start":{"line":48,"column":0},"end":{"line":48,"column":37}},"48":{"start":{"line":49,"column":0},"end":{"line":49,"column":74}},"49":{"start":{"line":50,"column":0},"end":{"line":50,"column":7}},"50":{"start":{"line":51,"column":0},"end":{"line":51,"column":34}},"51":{"start":{"line":52,"column":0},"end":{"line":52,"column":20}},"52":{"start":{"line":53,"column":0},"end":{"line":53,"column":59}},"53":{"start":{"line":54,"column":0},"end":{"line":54,"column":26}},"54":{"start":{"line":55,"column":0},"end":{"line":55,"column":7}},"55":{"start":{"line":56,"column":0},"end":{"line":56,"column":50}},"56":{"start":{"line":57,"column":0},"end":{"line":57,"column":58}},"57":{"start":{"line":58,"column":0},"end":{"line":58,"column":11}},"58":{"start":{"line":59,"column":0},"end":{"line":59,"column":46}},"59":{"start":{"line":60,"column":0},"end":{"line":60,"column":13}},"60":{"start":{"line":61,"column":0},"end":{"line":61,"column":24}},"61":{"start":{"line":62,"column":0},"end":{"line":62,"column":3}},"62":{"start":{"line":63,"column":0},"end":{"line":63,"column":1}},"64":{"start":{"line":65,"column":0},"end":{"line":65,"column":76}},"65":{"start":{"line":66,"column":0},"end":{"line":66,"column":63}},"66":{"start":{"line":67,"column":0},"end":{"line":67,"column":16}},"67":{"start":{"line":68,"column":0},"end":{"line":68,"column":1}},"69":{"start":{"line":70,"column":0},"end":{"line":70,"column":47}},"70":{"start":{"line":71,"column":0},"end":{"line":71,"column":29}},"71":{"start":{"line":72,"column":0},"end":{"line":72,"column":36}},"72":{"start":{"line":73,"column":0},"end":{"line":73,"column":32}},"73":{"start":{"line":74,"column":0},"end":{"line":74,"column":56}},"74":{"start":{"line":75,"column":0},"end":{"line":75,"column":29}},"75":{"start":{"line":76,"column":0},"end":{"line":76,"column":1}},"79":{"start":{"line":80,"column":0},"end":{"line":80,"column":34}},"80":{"start":{"line":81,"column":0},"end":{"line":81,"column":23}},"81":{"start":{"line":82,"column":0},"end":{"line":82,"column":18}},"82":{"start":{"line":83,"column":0},"end":{"line":83,"column":31}},"83":{"start":{"line":84,"column":0},"end":{"line":84,"column":35}},"84":{"start":{"line":85,"column":0},"end":{"line":85,"column":47}},"85":{"start":{"line":86,"column":0},"end":{"line":86,"column":47}},"86":{"start":{"line":87,"column":0},"end":{"line":87,"column":37}},"88":{"start":{"line":89,"column":0},"end":{"line":89,"column":38}},"91":{"start":{"line":92,"column":0},"end":{"line":92,"column":39}},"92":{"start":{"line":93,"column":0},"end":{"line":93,"column":39}},"93":{"start":{"line":94,"column":0},"end":{"line":94,"column":60}},"94":{"start":{"line":95,"column":0},"end":{"line":95,"column":9}},"95":{"start":{"line":96,"column":0},"end":{"line":96,"column":80}},"96":{"start":{"line":97,"column":0},"end":{"line":97,"column":47}},"97":{"start":{"line":98,"column":0},"end":{"line":98,"column":17}},"98":{"start":{"line":99,"column":0},"end":{"line":99,"column":45}},"99":{"start":{"line":100,"column":0},"end":{"line":100,"column":15}},"100":{"start":{"line":101,"column":0},"end":{"line":101,"column":26}},"101":{"start":{"line":102,"column":0},"end":{"line":102,"column":5}},"102":{"start":{"line":103,"column":0},"end":{"line":103,"column":7}},"104":{"start":{"line":105,"column":0},"end":{"line":105,"column":30}},"105":{"start":{"line":106,"column":0},"end":{"line":106,"column":115}},"106":{"start":{"line":107,"column":0},"end":{"line":107,"column":79}},"107":{"start":{"line":108,"column":0},"end":{"line":108,"column":3}},"108":{"start":{"line":109,"column":0},"end":{"line":109,"column":92}},"111":{"start":{"line":112,"column":0},"end":{"line":112,"column":28}},"112":{"start":{"line":113,"column":0},"end":{"line":113,"column":52}},"113":{"start":{"line":114,"column":0},"end":{"line":114,"column":19}},"114":{"start":{"line":115,"column":0},"end":{"line":115,"column":125}},"115":{"start":{"line":116,"column":0},"end":{"line":116,"column":12}},"117":{"start":{"line":118,"column":0},"end":{"line":118,"column":41}},"118":{"start":{"line":119,"column":0},"end":{"line":119,"column":58}},"119":{"start":{"line":120,"column":0},"end":{"line":120,"column":46}},"120":{"start":{"line":121,"column":0},"end":{"line":121,"column":22}},"121":{"start":{"line":122,"column":0},"end":{"line":122,"column":68}},"122":{"start":{"line":123,"column":0},"end":{"line":123,"column":28}},"123":{"start":{"line":124,"column":0},"end":{"line":124,"column":58}},"125":{"start":{"line":126,"column":0},"end":{"line":126,"column":71}},"126":{"start":{"line":127,"column":0},"end":{"line":127,"column":96}},"127":{"start":{"line":128,"column":0},"end":{"line":128,"column":14}},"128":{"start":{"line":129,"column":0},"end":{"line":129,"column":128}},"129":{"start":{"line":130,"column":0},"end":{"line":130,"column":7}},"132":{"start":{"line":133,"column":0},"end":{"line":133,"column":42}},"133":{"start":{"line":134,"column":0},"end":{"line":134,"column":60}},"134":{"start":{"line":135,"column":0},"end":{"line":135,"column":47}},"135":{"start":{"line":136,"column":0},"end":{"line":136,"column":22}},"136":{"start":{"line":137,"column":0},"end":{"line":137,"column":51}},"137":{"start":{"line":138,"column":0},"end":{"line":138,"column":29}},"138":{"start":{"line":139,"column":0},"end":{"line":139,"column":59}},"140":{"start":{"line":141,"column":0},"end":{"line":141,"column":72}},"141":{"start":{"line":142,"column":0},"end":{"line":142,"column":100}},"142":{"start":{"line":143,"column":0},"end":{"line":143,"column":14}},"143":{"start":{"line":144,"column":0},"end":{"line":144,"column":141}},"144":{"start":{"line":145,"column":0},"end":{"line":145,"column":7}},"145":{"start":{"line":146,"column":0},"end":{"line":146,"column":5}},"146":{"start":{"line":147,"column":0},"end":{"line":147,"column":10}},"147":{"start":{"line":148,"column":0},"end":{"line":148,"column":75}},"148":{"start":{"line":149,"column":0},"end":{"line":149,"column":3}},"151":{"start":{"line":152,"column":0},"end":{"line":152,"column":22}},"152":{"start":{"line":153,"column":0},"end":{"line":153,"column":34}},"153":{"start":{"line":154,"column":0},"end":{"line":154,"column":21}},"154":{"start":{"line":155,"column":0},"end":{"line":155,"column":56}},"155":{"start":{"line":156,"column":0},"end":{"line":156,"column":4}},"157":{"start":{"line":158,"column":0},"end":{"line":158,"column":24}},"159":{"start":{"line":160,"column":0},"end":{"line":160,"column":96}},"160":{"start":{"line":161,"column":0},"end":{"line":161,"column":53}},"161":{"start":{"line":162,"column":0},"end":{"line":162,"column":42}},"162":{"start":{"line":163,"column":0},"end":{"line":163,"column":34}},"163":{"start":{"line":164,"column":0},"end":{"line":164,"column":10}},"164":{"start":{"line":165,"column":0},"end":{"line":165,"column":65}},"165":{"start":{"line":166,"column":0},"end":{"line":166,"column":78}},"166":{"start":{"line":167,"column":0},"end":{"line":167,"column":32}},"167":{"start":{"line":168,"column":0},"end":{"line":168,"column":5}},"168":{"start":{"line":169,"column":0},"end":{"line":169,"column":3}},"170":{"start":{"line":171,"column":0},"end":{"line":171,"column":40}},"171":{"start":{"line":172,"column":0},"end":{"line":172,"column":115}},"172":{"start":{"line":173,"column":0},"end":{"line":173,"column":79}},"173":{"start":{"line":174,"column":0},"end":{"line":174,"column":3}},"175":{"start":{"line":176,"column":0},"end":{"line":176,"column":24}},"176":{"start":{"line":177,"column":0},"end":{"line":177,"column":43}},"177":{"start":{"line":178,"column":0},"end":{"line":178,"column":66}},"178":{"start":{"line":179,"column":0},"end":{"line":179,"column":60}},"179":{"start":{"line":180,"column":0},"end":{"line":180,"column":74}},"182":{"start":{"line":183,"column":0},"end":{"line":183,"column":36}},"183":{"start":{"line":184,"column":0},"end":{"line":184,"column":105}},"184":{"start":{"line":185,"column":0},"end":{"line":185,"column":102}},"185":{"start":{"line":186,"column":0},"end":{"line":186,"column":79}},"186":{"start":{"line":187,"column":0},"end":{"line":187,"column":3}},"189":{"start":{"line":190,"column":0},"end":{"line":190,"column":22}},"190":{"start":{"line":191,"column":0},"end":{"line":191,"column":90}},"191":{"start":{"line":192,"column":0},"end":{"line":192,"column":26}},"192":{"start":{"line":193,"column":0},"end":{"line":193,"column":3}},"193":{"start":{"line":194,"column":0},"end":{"line":194,"column":66}},"194":{"start":{"line":195,"column":0},"end":{"line":195,"column":57}},"195":{"start":{"line":196,"column":0},"end":{"line":196,"column":59}},"197":{"start":{"line":198,"column":0},"end":{"line":198,"column":14}},"198":{"start":{"line":199,"column":0},"end":{"line":199,"column":111}},"199":{"start":{"line":200,"column":0},"end":{"line":200,"column":48}},"200":{"start":{"line":201,"column":0},"end":{"line":201,"column":61}},"201":{"start":{"line":202,"column":0},"end":{"line":202,"column":84}},"202":{"start":{"line":203,"column":0},"end":{"line":203,"column":79}},"203":{"start":{"line":204,"column":0},"end":{"line":204,"column":10}},"204":{"start":{"line":205,"column":0},"end":{"line":205,"column":77}},"205":{"start":{"line":206,"column":0},"end":{"line":206,"column":79}},"206":{"start":{"line":207,"column":0},"end":{"line":207,"column":3}},"209":{"start":{"line":210,"column":0},"end":{"line":210,"column":87}},"210":{"start":{"line":211,"column":0},"end":{"line":211,"column":48}},"212":{"start":{"line":213,"column":0},"end":{"line":213,"column":35}},"213":{"start":{"line":214,"column":0},"end":{"line":214,"column":128}},"214":{"start":{"line":215,"column":0},"end":{"line":215,"column":10}},"215":{"start":{"line":216,"column":0},"end":{"line":216,"column":86}},"216":{"start":{"line":217,"column":0},"end":{"line":217,"column":3}},"219":{"start":{"line":220,"column":0},"end":{"line":220,"column":64}},"220":{"start":{"line":221,"column":0},"end":{"line":221,"column":50}},"221":{"start":{"line":222,"column":0},"end":{"line":222,"column":47}},"222":{"start":{"line":223,"column":0},"end":{"line":223,"column":84}},"223":{"start":{"line":224,"column":0},"end":{"line":224,"column":14}},"224":{"start":{"line":225,"column":0},"end":{"line":225,"column":84}},"225":{"start":{"line":226,"column":0},"end":{"line":226,"column":7}},"226":{"start":{"line":227,"column":0},"end":{"line":227,"column":5}},"227":{"start":{"line":228,"column":0},"end":{"line":228,"column":3}},"230":{"start":{"line":231,"column":0},"end":{"line":231,"column":115}},"231":{"start":{"line":232,"column":0},"end":{"line":232,"column":17}},"233":{"start":{"line":234,"column":0},"end":{"line":234,"column":81}},"234":{"start":{"line":235,"column":0},"end":{"line":235,"column":100}},"236":{"start":{"line":237,"column":0},"end":{"line":237,"column":86}},"237":{"start":{"line":238,"column":0},"end":{"line":238,"column":81}},"238":{"start":{"line":239,"column":0},"end":{"line":239,"column":122}},"239":{"start":{"line":240,"column":0},"end":{"line":240,"column":52}},"240":{"start":{"line":241,"column":0},"end":{"line":241,"column":62}},"241":{"start":{"line":242,"column":0},"end":{"line":242,"column":87}},"242":{"start":{"line":243,"column":0},"end":{"line":243,"column":12}},"243":{"start":{"line":244,"column":0},"end":{"line":244,"column":105}},"244":{"start":{"line":245,"column":0},"end":{"line":245,"column":5}},"245":{"start":{"line":246,"column":0},"end":{"line":246,"column":10}},"246":{"start":{"line":247,"column":0},"end":{"line":247,"column":82}},"247":{"start":{"line":248,"column":0},"end":{"line":248,"column":3}},"249":{"start":{"line":250,"column":0},"end":{"line":250,"column":77}},"250":{"start":{"line":251,"column":0},"end":{"line":251,"column":1}},"252":{"start":{"line":253,"column":0},"end":{"line":253,"column":21}},"253":{"start":{"line":254,"column":0},"end":{"line":254,"column":23}},"254":{"start":{"line":255,"column":0},"end":{"line":255,"column":20}},"255":{"start":{"line":256,"column":0},"end":{"line":256,"column":23}},"256":{"start":{"line":257,"column":0},"end":{"line":257,"column":24}},"257":{"start":{"line":258,"column":0},"end":{"line":258,"column":17}},"258":{"start":{"line":259,"column":0},"end":{"line":259,"column":22}},"259":{"start":{"line":260,"column":0},"end":{"line":260,"column":10}},"260":{"start":{"line":261,"column":0},"end":{"line":261,"column":24}},"261":{"start":{"line":262,"column":0},"end":{"line":262,"column":20}},"262":{"start":{"line":263,"column":0},"end":{"line":263,"column":14}},"263":{"start":{"line":264,"column":0},"end":{"line":264,"column":14}},"264":{"start":{"line":265,"column":0},"end":{"line":265,"column":11}},"265":{"start":{"line":266,"column":0},"end":{"line":266,"column":10}},"266":{"start":{"line":267,"column":0},"end":{"line":267,"column":61}},"267":{"start":{"line":268,"column":0},"end":{"line":268,"column":61}},"268":{"start":{"line":269,"column":0},"end":{"line":269,"column":61}},"269":{"start":{"line":270,"column":0},"end":{"line":270,"column":62}},"270":{"start":{"line":271,"column":0},"end":{"line":271,"column":4}},"271":{"start":{"line":272,"column":0},"end":{"line":272,"column":1}}},"s":{"0":1,"7":37,"8":37,"9":37,"10":37,"11":37,"12":37,"13":37,"14":37,"16":14,"17":14,"18":14,"19":14,"20":14,"21":14,"22":14,"23":14,"24":14,"25":14,"26":14,"27":14,"28":14,"29":14,"30":14,"31":14,"32":14,"33":14,"34":14,"35":14,"36":0,"37":14,"38":14,"39":14,"40":14,"42":2,"43":2,"44":2,"45":2,"46":2,"47":2,"48":2,"49":2,"50":2,"51":2,"52":2,"53":2,"54":2,"55":2,"56":2,"57":2,"58":0,"59":2,"60":2,"61":2,"62":2,"64":12,"65":12,"66":12,"67":12,"69":4,"70":4,"71":4,"72":4,"73":4,"74":4,"75":4,"79":7,"80":7,"81":7,"82":7,"83":7,"84":7,"85":7,"86":7,"88":7,"91":7,"92":7,"93":7,"94":7,"95":7,"96":6,"97":7,"98":1,"99":7,"100":7,"101":7,"102":7,"104":7,"105":1,"106":1,"107":1,"108":6,"111":7,"112":1,"113":1,"114":0,"115":1,"117":1,"118":1,"119":1,"120":1,"121":1,"122":1,"123":1,"125":1,"126":1,"127":1,"128":0,"129":0,"132":1,"133":1,"134":1,"135":1,"136":1,"137":1,"138":1,"140":1,"141":1,"142":1,"143":0,"144":0,"145":1,"146":7,"147":5,"148":5,"151":6,"152":6,"153":6,"154":6,"155":6,"157":6,"159":6,"160":7,"161":4,"162":4,"163":7,"164":2,"165":2,"166":1,"167":1,"168":2,"170":7,"171":1,"172":1,"173":1,"175":5,"176":5,"177":4,"178":1,"179":7,"182":7,"183":1,"184":1,"185":1,"186":1,"189":7,"190":0,"191":0,"192":0,"193":4,"194":4,"195":4,"197":4,"198":4,"199":7,"200":0,"201":0,"202":0,"203":0,"204":0,"205":0,"206":0,"209":4,"210":4,"212":4,"213":4,"214":7,"215":0,"216":0,"219":7,"220":2,"221":3,"222":2,"223":3,"224":1,"225":1,"226":3,"227":2,"230":7,"231":7,"233":4,"234":4,"236":4,"237":4,"238":4,"239":4,"240":0,"241":0,"242":0,"243":0,"244":0,"245":7,"246":0,"247":0,"249":4,"250":4,"252":7,"253":7,"254":7,"255":7,"256":7,"257":7,"258":7,"259":7,"260":7,"261":7,"262":7,"263":7,"264":7,"265":7,"266":7,"267":7,"268":7,"269":7,"270":7,"271":7},"branchMap":{"0":{"type":"branch","line":8,"loc":{"start":{"line":8,"column":0},"end":{"line":15,"column":1}},"locations":[{"start":{"line":8,"column":0},"end":{"line":15,"column":1}}]},"1":{"type":"branch","line":17,"loc":{"start":{"line":17,"column":0},"end":{"line":41,"column":1}},"locations":[{"start":{"line":17,"column":0},"end":{"line":41,"column":1}}]},"2":{"type":"branch","line":36,"loc":{"start":{"line":36,"column":2},"end":{"line":38,"column":4}},"locations":[{"start":{"line":36,"column":2},"end":{"line":38,"column":4}}]},"3":{"type":"branch","line":43,"loc":{"start":{"line":43,"column":0},"end":{"line":63,"column":1}},"locations":[{"start":{"line":43,"column":0},"end":{"line":63,"column":1}}]},"4":{"type":"branch","line":58,"loc":{"start":{"line":58,"column":2},"end":{"line":60,"column":4}},"locations":[{"start":{"line":58,"column":2},"end":{"line":60,"column":4}}]},"5":{"type":"branch","line":65,"loc":{"start":{"line":65,"column":0},"end":{"line":68,"column":1}},"locations":[{"start":{"line":65,"column":0},"end":{"line":68,"column":1}}]},"6":{"type":"branch","line":70,"loc":{"start":{"line":70,"column":0},"end":{"line":76,"column":1}},"locations":[{"start":{"line":70,"column":0},"end":{"line":76,"column":1}}]},"7":{"type":"branch","line":74,"loc":{"start":{"line":74,"column":39},"end":{"line":74,"column":56}},"locations":[{"start":{"line":74,"column":39},"end":{"line":74,"column":56}}]},"8":{"type":"branch","line":80,"loc":{"start":{"line":80,"column":0},"end":{"line":251,"column":1}},"locations":[{"start":{"line":80,"column":0},"end":{"line":251,"column":1}}]},"9":{"type":"branch","line":105,"loc":{"start":{"line":105,"column":29},"end":{"line":108,"column":3}},"locations":[{"start":{"line":105,"column":29},"end":{"line":108,"column":3}}]},"10":{"type":"branch","line":106,"loc":{"start":{"line":106,"column":94},"end":{"line":106,"column":112}},"locations":[{"start":{"line":106,"column":94},"end":{"line":106,"column":112}}]},"11":{"type":"branch","line":108,"loc":{"start":{"line":108,"column":2},"end":{"line":112,"column":19}},"locations":[{"start":{"line":108,"column":2},"end":{"line":112,"column":19}}]},"12":{"type":"branch","line":112,"loc":{"start":{"line":112,"column":13},"end":{"line":112,"column":27}},"locations":[{"start":{"line":112,"column":13},"end":{"line":112,"column":27}}]},"13":{"type":"branch","line":112,"loc":{"start":{"line":112,"column":27},"end":{"line":147,"column":9}},"locations":[{"start":{"line":112,"column":27},"end":{"line":147,"column":9}}]},"14":{"type":"branch","line":114,"loc":{"start":{"line":114,"column":18},"end":{"line":116,"column":11}},"locations":[{"start":{"line":114,"column":18},"end":{"line":116,"column":11}}]},"15":{"type":"branch","line":126,"loc":{"start":{"line":126,"column":39},"end":{"line":126,"column":70}},"locations":[{"start":{"line":126,"column":39},"end":{"line":126,"column":70}}]},"16":{"type":"branch","line":128,"loc":{"start":{"line":128,"column":6},"end":{"line":130,"column":7}},"locations":[{"start":{"line":128,"column":6},"end":{"line":130,"column":7}}]},"17":{"type":"branch","line":143,"loc":{"start":{"line":143,"column":6},"end":{"line":145,"column":7}},"locations":[{"start":{"line":143,"column":6},"end":{"line":145,"column":7}}]},"18":{"type":"branch","line":147,"loc":{"start":{"line":147,"column":2},"end":{"line":149,"column":3}},"locations":[{"start":{"line":147,"column":2},"end":{"line":149,"column":3}}]},"19":{"type":"branch","line":149,"loc":{"start":{"line":149,"column":2},"end":{"line":161,"column":52}},"locations":[{"start":{"line":149,"column":2},"end":{"line":161,"column":52}}]},"20":{"type":"branch","line":161,"loc":{"start":{"line":161,"column":52},"end":{"line":164,"column":9}},"locations":[{"start":{"line":161,"column":52},"end":{"line":164,"column":9}}]},"21":{"type":"branch","line":164,"loc":{"start":{"line":164,"column":2},"end":{"line":169,"column":3}},"locations":[{"start":{"line":164,"column":2},"end":{"line":169,"column":3}}]},"22":{"type":"branch","line":166,"loc":{"start":{"line":166,"column":39},"end":{"line":166,"column":77}},"locations":[{"start":{"line":166,"column":39},"end":{"line":166,"column":77}}]},"23":{"type":"branch","line":166,"loc":{"start":{"line":166,"column":77},"end":{"line":168,"column":5}},"locations":[{"start":{"line":166,"column":77},"end":{"line":168,"column":5}}]},"24":{"type":"branch","line":169,"loc":{"start":{"line":169,"column":2},"end":{"line":171,"column":39}},"locations":[{"start":{"line":169,"column":2},"end":{"line":171,"column":39}}]},"25":{"type":"branch","line":171,"loc":{"start":{"line":171,"column":39},"end":{"line":174,"column":3}},"locations":[{"start":{"line":171,"column":39},"end":{"line":174,"column":3}}]},"26":{"type":"branch","line":174,"loc":{"start":{"line":174,"column":2},"end":{"line":177,"column":43}},"locations":[{"start":{"line":174,"column":2},"end":{"line":177,"column":43}}]},"27":{"type":"branch","line":177,"loc":{"start":{"line":177,"column":26},"end":{"line":178,"column":66}},"locations":[{"start":{"line":177,"column":26},"end":{"line":178,"column":66}}]},"28":{"type":"branch","line":178,"loc":{"start":{"line":178,"column":8},"end":{"line":179,"column":60}},"locations":[{"start":{"line":178,"column":8},"end":{"line":179,"column":60}}]},"29":{"type":"branch","line":183,"loc":{"start":{"line":183,"column":35},"end":{"line":187,"column":3}},"locations":[{"start":{"line":183,"column":35},"end":{"line":187,"column":3}}]},"30":{"type":"branch","line":187,"loc":{"start":{"line":187,"column":2},"end":{"line":190,"column":21}},"locations":[{"start":{"line":187,"column":2},"end":{"line":190,"column":21}}]},"31":{"type":"branch","line":190,"loc":{"start":{"line":190,"column":21},"end":{"line":193,"column":3}},"locations":[{"start":{"line":190,"column":21},"end":{"line":193,"column":3}}]},"32":{"type":"branch","line":193,"loc":{"start":{"line":193,"column":2},"end":{"line":200,"column":13}},"locations":[{"start":{"line":193,"column":2},"end":{"line":200,"column":13}}]},"33":{"type":"branch","line":200,"loc":{"start":{"line":200,"column":2},"end":{"line":207,"column":3}},"locations":[{"start":{"line":200,"column":2},"end":{"line":207,"column":3}}]},"34":{"type":"branch","line":207,"loc":{"start":{"line":207,"column":2},"end":{"line":215,"column":9}},"locations":[{"start":{"line":207,"column":2},"end":{"line":215,"column":9}}]},"35":{"type":"branch","line":215,"loc":{"start":{"line":215,"column":2},"end":{"line":217,"column":3}},"locations":[{"start":{"line":215,"column":2},"end":{"line":217,"column":3}}]},"36":{"type":"branch","line":217,"loc":{"start":{"line":217,"column":2},"end":{"line":220,"column":30}},"locations":[{"start":{"line":217,"column":2},"end":{"line":220,"column":30}}]},"37":{"type":"branch","line":220,"loc":{"start":{"line":220,"column":13},"end":{"line":220,"column":63}},"locations":[{"start":{"line":220,"column":13},"end":{"line":220,"column":63}}]},"38":{"type":"branch","line":220,"loc":{"start":{"line":220,"column":63},"end":{"line":228,"column":3}},"locations":[{"start":{"line":220,"column":63},"end":{"line":228,"column":3}}]},"39":{"type":"branch","line":221,"loc":{"start":{"line":221,"column":49},"end":{"line":227,"column":5}},"locations":[{"start":{"line":221,"column":49},"end":{"line":227,"column":5}}]},"40":{"type":"branch","line":222,"loc":{"start":{"line":222,"column":46},"end":{"line":224,"column":13}},"locations":[{"start":{"line":222,"column":46},"end":{"line":224,"column":13}}]},"41":{"type":"branch","line":224,"loc":{"start":{"line":224,"column":6},"end":{"line":226,"column":7}},"locations":[{"start":{"line":224,"column":6},"end":{"line":226,"column":7}}]},"42":{"type":"branch","line":228,"loc":{"start":{"line":228,"column":2},"end":{"line":231,"column":39}},"locations":[{"start":{"line":228,"column":2},"end":{"line":231,"column":39}}]},"43":{"type":"branch","line":231,"loc":{"start":{"line":231,"column":26},"end":{"line":231,"column":115}},"locations":[{"start":{"line":231,"column":26},"end":{"line":231,"column":115}}]},"44":{"type":"branch","line":231,"loc":{"start":{"line":231,"column":105},"end":{"line":231,"column":115}},"locations":[{"start":{"line":231,"column":105},"end":{"line":231,"column":115}}]},"45":{"type":"branch","line":232,"loc":{"start":{"line":232,"column":16},"end":{"line":246,"column":9}},"locations":[{"start":{"line":232,"column":16},"end":{"line":246,"column":9}}]},"46":{"type":"branch","line":234,"loc":{"start":{"line":234,"column":68},"end":{"line":234,"column":79}},"locations":[{"start":{"line":234,"column":68},"end":{"line":234,"column":79}}]},"47":{"type":"branch","line":237,"loc":{"start":{"line":237,"column":43},"end":{"line":237,"column":85}},"locations":[{"start":{"line":237,"column":43},"end":{"line":237,"column":85}}]},"48":{"type":"branch","line":238,"loc":{"start":{"line":238,"column":68},"end":{"line":238,"column":78}},"locations":[{"start":{"line":238,"column":68},"end":{"line":238,"column":78}}]},"49":{"type":"branch","line":238,"loc":{"start":{"line":238,"column":73},"end":{"line":238,"column":81}},"locations":[{"start":{"line":238,"column":73},"end":{"line":238,"column":81}}]},"50":{"type":"branch","line":239,"loc":{"start":{"line":239,"column":99},"end":{"line":239,"column":119}},"locations":[{"start":{"line":239,"column":99},"end":{"line":239,"column":119}}]},"51":{"type":"branch","line":240,"loc":{"start":{"line":240,"column":4},"end":{"line":245,"column":5}},"locations":[{"start":{"line":240,"column":4},"end":{"line":245,"column":5}}]},"52":{"type":"branch","line":246,"loc":{"start":{"line":246,"column":2},"end":{"line":248,"column":3}},"locations":[{"start":{"line":246,"column":2},"end":{"line":248,"column":3}}]},"53":{"type":"branch","line":248,"loc":{"start":{"line":248,"column":2},"end":{"line":251,"column":1}},"locations":[{"start":{"line":248,"column":2},"end":{"line":251,"column":1}}]},"54":{"type":"branch","line":92,"loc":{"start":{"line":92,"column":26},"end":{"line":103,"column":5}},"locations":[{"start":{"line":92,"column":26},"end":{"line":103,"column":5}}]},"55":{"type":"branch","line":96,"loc":{"start":{"line":96,"column":78},"end":{"line":98,"column":13}},"locations":[{"start":{"line":96,"column":78},"end":{"line":98,"column":13}}]},"56":{"type":"branch","line":98,"loc":{"start":{"line":98,"column":4},"end":{"line":100,"column":6}},"locations":[{"start":{"line":98,"column":4},"end":{"line":100,"column":6}}]},"57":{"type":"branch","line":100,"loc":{"start":{"line":100,"column":4},"end":{"line":100,"column":6}},"locations":[{"start":{"line":100,"column":4},"end":{"line":100,"column":6}}]},"58":{"type":"branch","line":124,"loc":{"start":{"line":124,"column":35},"end":{"line":124,"column":56}},"locations":[{"start":{"line":124,"column":35},"end":{"line":124,"column":56}}]},"59":{"type":"branch","line":139,"loc":{"start":{"line":139,"column":35},"end":{"line":139,"column":57}},"locations":[{"start":{"line":139,"column":35},"end":{"line":139,"column":57}}]},"60":{"type":"branch","line":253,"loc":{"start":{"line":253,"column":0},"end":{"line":272,"column":1}},"locations":[{"start":{"line":253,"column":0},"end":{"line":272,"column":1}}]},"61":{"type":"branch","line":267,"loc":{"start":{"line":267,"column":26},"end":{"line":267,"column":52}},"locations":[{"start":{"line":267,"column":26},"end":{"line":267,"column":52}}]},"62":{"type":"branch","line":268,"loc":{"start":{"line":268,"column":26},"end":{"line":268,"column":52}},"locations":[{"start":{"line":268,"column":26},"end":{"line":268,"column":52}}]},"63":{"type":"branch","line":269,"loc":{"start":{"line":269,"column":26},"end":{"line":269,"column":52}},"locations":[{"start":{"line":269,"column":26},"end":{"line":269,"column":52}}]},"64":{"type":"branch","line":270,"loc":{"start":{"line":270,"column":27},"end":{"line":270,"column":53}},"locations":[{"start":{"line":270,"column":27},"end":{"line":270,"column":53}}]}},"b":{"0":[37],"1":[14],"2":[0],"3":[2],"4":[0],"5":[12],"6":[4],"7":[12],"8":[7],"9":[1],"10":[0],"11":[6],"12":[1],"13":[1],"14":[0],"15":[0],"16":[0],"17":[0],"18":[5],"19":[6],"20":[4],"21":[2],"22":[1],"23":[1],"24":[6],"25":[1],"26":[5],"27":[4],"28":[1],"29":[1],"30":[4],"31":[0],"32":[4],"33":[0],"34":[4],"35":[0],"36":[4],"37":[2],"38":[2],"39":[3],"40":[2],"41":[1],"42":[4],"43":[3],"44":[0],"45":[4],"46":[0],"47":[0],"48":[1],"49":[3],"50":[3],"51":[0],"52":[0],"53":[4],"54":[7],"55":[6],"56":[1],"57":[0],"58":[1],"59":[1],"60":[7],"61":[37],"62":[37],"63":[37],"64":[37]},"fnMap":{"0":{"name":"check","decl":{"start":{"line":8,"column":0},"end":{"line":15,"column":1}},"loc":{"start":{"line":8,"column":0},"end":{"line":15,"column":1}},"line":8},"1":{"name":"postRpc","decl":{"start":{"line":17,"column":0},"end":{"line":41,"column":1}},"loc":{"start":{"line":17,"column":0},"end":{"line":41,"column":1}},"line":17},"2":{"name":"getSSE","decl":{"start":{"line":43,"column":0},"end":{"line":63,"column":1}},"loc":{"start":{"line":43,"column":0},"end":{"line":63,"column":1}},"line":43},"3":{"name":"extractJsonField","decl":{"start":{"line":65,"column":0},"end":{"line":68,"column":1}},"loc":{"start":{"line":65,"column":0},"end":{"line":68,"column":1}},"line":65},"4":{"name":"extractTools","decl":{"start":{"line":70,"column":0},"end":{"line":76,"column":1}},"loc":{"start":{"line":70,"column":0},"end":{"line":76,"column":1}},"line":70},"5":{"name":"probeServer","decl":{"start":{"line":80,"column":0},"end":{"line":251,"column":1}},"loc":{"start":{"line":80,"column":0},"end":{"line":251,"column":1}},"line":80},"6":{"name":"buildResult","decl":{"start":{"line":253,"column":0},"end":{"line":272,"column":1}},"loc":{"start":{"line":253,"column":0},"end":{"line":272,"column":1}},"line":253}},"f":{"0":37,"1":14,"2":2,"3":12,"4":4,"5":7,"6":7}}
}
